2018-05-02 08:38:26,598   INFO  [Estimated Time Updater] HOST: 43167885 estimated time update.
2018-05-02 08:57:28,907   INFO  [Thread-2] CONSOLE: ********************************************************************************
2018-05-02 08:57:28,908   INFO  [Thread-2] CONSOLE: * The VoltDB server will shut down due to a control-C or other JVM exit. *
2018-05-02 08:57:28,908   INFO  [Thread-2] CONSOLE: ********************************************************************************
2018-05-02 08:57:51,932   INFO  [main] HOST: PID of this Volt process is 9612
2018-05-02 08:57:51,961   INFO  [main] HOST: Command line arguments: org.voltdb.VoltDB initialize force
2018-05-02 08:57:51,965   INFO  [main] HOST: Command line JVM arguments: -Xmx2048m -Djava.awt.headless=true -Djavax.security.auth.useSubjectCredsOnly=false -Dsun.net.inetaddr.ttl=300 -Dsun.net.inetaddr.negative.ttl=3600 -XX:+HeapDumpOnOutOfMemoryError -XX:HeapDumpPath=/tmp -XX:+UseParNewGC -XX:+UseConcMarkSweepGC -XX:+CMSParallelRemarkEnabled -XX:+UseTLAB -XX:CMSInitiatingOccupancyFraction=75 -XX:+UseCMSInitiatingOccupancyOnly -XX:+UseCondCardMark -Dsun.rmi.dgc.server.gcInterval=9223372036854775807 -Dsun.rmi.dgc.client.gcInterval=9223372036854775807 -XX:CMSWaitDuration=120000 -XX:CMSMaxAbortablePrecleanTime=120000 -XX:+ExplicitGCInvokesConcurrent -XX:+CMSScavengeBeforeRemark -XX:+CMSClassUnloadingEnabled -Dlog4j.configuration=file:///home/alex/Escritorio/TFG/voltdb/voltdb/log4j.xml -Djava.library.path=default
2018-05-02 08:57:51,965   INFO  [main] HOST: Command line JVM classpath: /home/alex/Escritorio/TFG/voltdb/voltdb/voltdb-8.0.jar:/home/alex/Escritorio/TFG/voltdb/lib/vmetrics.jar:/home/alex/Escritorio/TFG/voltdb/lib/httpclient-4.3.6.jar:/home/alex/Escritorio/TFG/voltdb/lib/commons-lang3-3.0.jar:/home/alex/Escritorio/TFG/voltdb/lib/super-csv-2.1.0.jar:/home/alex/Escritorio/TFG/voltdb/lib/kafka_2.11-0.8.2.2.jar:/home/alex/Escritorio/TFG/voltdb/lib/jetty-servlet-9.3.21.v20170918.jar:/home/alex/Escritorio/TFG/voltdb/lib/felix.jar:/home/alex/Escritorio/TFG/voltdb/lib/owner-1.0.9.jar:/home/alex/Escritorio/TFG/voltdb/lib/scala-library-2.11.5.jar:/home/alex/Escritorio/TFG/voltdb/lib/httpcore-4.3.3.jar:/home/alex/Escritorio/TFG/voltdb/lib/jackson-mapper-asl-1.9.13.jar:/home/alex/Escritorio/TFG/voltdb/lib/jetty-security-9.3.21.v20170918.jar:/home/alex/Escritorio/TFG/voltdb/lib/jna.jar:/home/alex/Escritorio/TFG/voltdb/lib/metrics-core-2.2.0.jar:/home/alex/Escritorio/TFG/voltdb/lib/owner-java8-1.0.9.jar:/home/alex/Escritorio/TFG/voltdb/lib/kafka-clients-0.8.2.2.jar:/home/alex/Escritorio/TFG/voltdb/lib/jetty-util-9.3.21.v20170918.jar:/home/alex/Escritorio/TFG/voltdb/lib/scala-xml_2.11-1.0.2.jar:/home/alex/Escritorio/TFG/voltdb/lib/jetty-server-9.3.21.v20170918.jar:/home/alex/Escritorio/TFG/voltdb/lib/httpcore-nio-4.3.2.jar:/home/alex/Escritorio/TFG/voltdb/lib/jackson-core-asl-1.9.13.jar:/home/alex/Escritorio/TFG/voltdb/lib/commons-logging-1.1.3.jar:/home/alex/Escritorio/TFG/voltdb/lib/scala-parser-combinators_2.11-1.0.2.jar:/home/alex/Escritorio/TFG/voltdb/lib/commons-codec-1.6.jar:/home/alex/Escritorio/TFG/voltdb/lib/protobuf-java-3.4.0.jar:/home/alex/Escritorio/TFG/voltdb/lib/jetty-http-9.3.21.v20170918.jar:/home/alex/Escritorio/TFG/voltdb/lib/tomcat-juli.jar:/home/alex/Escritorio/TFG/voltdb/lib/tomcat-jdbc.jar:/home/alex/Escritorio/TFG/voltdb/lib/slf4j-nop-1.6.2.jar:/home/alex/Escritorio/TFG/voltdb/lib/jsch-0.1.51.jar:/home/alex/Escritorio/TFG/voltdb/lib/log4j-1.2.16.jar:/home/alex/Escritorio/TFG/voltdb/lib/snmp4j-2.5.2.jar:/home/alex/Escritorio/TFG/voltdb/lib/avro-1.7.7.jar:/home/alex/Escritorio/TFG/voltdb/lib/servlet-api-3.1.jar:/home/alex/Escritorio/TFG/voltdb/lib/httpasyncclient-4.0.2.jar:/home/alex/Escritorio/TFG/voltdb/lib/jetty-io-9.3.21.v20170918.jar:/home/alex/Escritorio/TFG/voltdb/lib/slf4j-api-1.6.2.jar:/home/alex/Escritorio/TFG/voltdb/lib/lz4-1.2.0.jar:/home/alex/Escritorio/TFG/voltdb/lib/jline-2.10.jar:/home/alex/Escritorio/TFG/voltdb/lib/snappy-java-1.1.1.7.jar:/home/alex/Escritorio/TFG/voltdb/lib/jetty-continuation-9.3.21.v20170918.jar
2018-05-02 08:57:51,981   INFO  [main] HOST: Generating default deployment file "/home/alex/Escritorio/TFG-taxis/data/Scripts/voltdbroot/config/deployment.xml"
2018-05-02 08:57:53,290   INFO  [main] CONSOLE: When using the INIT command, some deployment file settings (hostcount and voltdbroot path) are ignored
2018-05-02 08:57:53,291   INFO  [main] HOST: When using the INIT command, some deployment file settings (hostcount and voltdbroot path) are ignored
2018-05-02 08:57:53,347   INFO  [main] HOST: Initialized VoltDB root directory voltdbroot
2018-05-02 08:57:53,353   INFO  [main] CONSOLE: Initialized VoltDB root directory voltdbroot
2018-05-02 08:57:54,997   INFO  [main] HOST: PID of this Volt process is 9630
2018-05-02 08:57:55,026   INFO  [main] CONSOLE: Initializing VoltDB...

 _    __      ____  ____  ____ 
| |  / /___  / / /_/ __ \/ __ )
| | / / __ \/ / __/ / / / __  |
| |/ / /_/ / / /_/ /_/ / /_/ / 
|___/\____/_/\__/_____/_____/

--------------------------------

2018-05-02 08:57:55,027   INFO  [main] HOST: Searching for license file located /home/alex/Escritorio/TFG-taxis/data/Scripts/license.xml
2018-05-02 08:57:55,033   INFO  [main] CONSOLE: Build: 8.0 voltdb-7.8.1-173-g7323f90 Community Edition
2018-05-02 08:57:55,034   INFO  [main] HOST: Command line arguments: org.voltdb.VoltDB probe placementgroup 0 mesh 
2018-05-02 08:57:55,037   INFO  [main] HOST: Command line JVM arguments: -Xmx2048m -Djava.awt.headless=true -Djavax.security.auth.useSubjectCredsOnly=false -Dsun.net.inetaddr.ttl=300 -Dsun.net.inetaddr.negative.ttl=3600 -XX:+HeapDumpOnOutOfMemoryError -XX:HeapDumpPath=/tmp -XX:+UseParNewGC -XX:+UseConcMarkSweepGC -XX:+CMSParallelRemarkEnabled -XX:+UseTLAB -XX:CMSInitiatingOccupancyFraction=75 -XX:+UseCMSInitiatingOccupancyOnly -XX:+UseCondCardMark -Dsun.rmi.dgc.server.gcInterval=9223372036854775807 -Dsun.rmi.dgc.client.gcInterval=9223372036854775807 -XX:CMSWaitDuration=120000 -XX:CMSMaxAbortablePrecleanTime=120000 -XX:+ExplicitGCInvokesConcurrent -XX:+CMSScavengeBeforeRemark -XX:+CMSClassUnloadingEnabled -Dlog4j.configuration=file:///home/alex/Escritorio/TFG/voltdb/voltdb/log4j.xml -Djava.library.path=default
2018-05-02 08:57:55,037   INFO  [main] HOST: Command line JVM classpath: /home/alex/Escritorio/TFG/voltdb/voltdb/voltdb-8.0.jar:/home/alex/Escritorio/TFG/voltdb/lib/vmetrics.jar:/home/alex/Escritorio/TFG/voltdb/lib/httpclient-4.3.6.jar:/home/alex/Escritorio/TFG/voltdb/lib/commons-lang3-3.0.jar:/home/alex/Escritorio/TFG/voltdb/lib/super-csv-2.1.0.jar:/home/alex/Escritorio/TFG/voltdb/lib/kafka_2.11-0.8.2.2.jar:/home/alex/Escritorio/TFG/voltdb/lib/jetty-servlet-9.3.21.v20170918.jar:/home/alex/Escritorio/TFG/voltdb/lib/felix.jar:/home/alex/Escritorio/TFG/voltdb/lib/owner-1.0.9.jar:/home/alex/Escritorio/TFG/voltdb/lib/scala-library-2.11.5.jar:/home/alex/Escritorio/TFG/voltdb/lib/httpcore-4.3.3.jar:/home/alex/Escritorio/TFG/voltdb/lib/jackson-mapper-asl-1.9.13.jar:/home/alex/Escritorio/TFG/voltdb/lib/jetty-security-9.3.21.v20170918.jar:/home/alex/Escritorio/TFG/voltdb/lib/jna.jar:/home/alex/Escritorio/TFG/voltdb/lib/metrics-core-2.2.0.jar:/home/alex/Escritorio/TFG/voltdb/lib/owner-java8-1.0.9.jar:/home/alex/Escritorio/TFG/voltdb/lib/kafka-clients-0.8.2.2.jar:/home/alex/Escritorio/TFG/voltdb/lib/jetty-util-9.3.21.v20170918.jar:/home/alex/Escritorio/TFG/voltdb/lib/scala-xml_2.11-1.0.2.jar:/home/alex/Escritorio/TFG/voltdb/lib/jetty-server-9.3.21.v20170918.jar:/home/alex/Escritorio/TFG/voltdb/lib/httpcore-nio-4.3.2.jar:/home/alex/Escritorio/TFG/voltdb/lib/jackson-core-asl-1.9.13.jar:/home/alex/Escritorio/TFG/voltdb/lib/commons-logging-1.1.3.jar:/home/alex/Escritorio/TFG/voltdb/lib/scala-parser-combinators_2.11-1.0.2.jar:/home/alex/Escritorio/TFG/voltdb/lib/commons-codec-1.6.jar:/home/alex/Escritorio/TFG/voltdb/lib/protobuf-java-3.4.0.jar:/home/alex/Escritorio/TFG/voltdb/lib/jetty-http-9.3.21.v20170918.jar:/home/alex/Escritorio/TFG/voltdb/lib/tomcat-juli.jar:/home/alex/Escritorio/TFG/voltdb/lib/tomcat-jdbc.jar:/home/alex/Escritorio/TFG/voltdb/lib/slf4j-nop-1.6.2.jar:/home/alex/Escritorio/TFG/voltdb/lib/jsch-0.1.51.jar:/home/alex/Escritorio/TFG/voltdb/lib/log4j-1.2.16.jar:/home/alex/Escritorio/TFG/voltdb/lib/snmp4j-2.5.2.jar:/home/alex/Escritorio/TFG/voltdb/lib/avro-1.7.7.jar:/home/alex/Escritorio/TFG/voltdb/lib/servlet-api-3.1.jar:/home/alex/Escritorio/TFG/voltdb/lib/httpasyncclient-4.0.2.jar:/home/alex/Escritorio/TFG/voltdb/lib/jetty-io-9.3.21.v20170918.jar:/home/alex/Escritorio/TFG/voltdb/lib/slf4j-api-1.6.2.jar:/home/alex/Escritorio/TFG/voltdb/lib/lz4-1.2.0.jar:/home/alex/Escritorio/TFG/voltdb/lib/jline-2.10.jar:/home/alex/Escritorio/TFG/voltdb/lib/snappy-java-1.1.1.7.jar:/home/alex/Escritorio/TFG/voltdb/lib/jetty-continuation-9.3.21.v20170918.jar
2018-05-02 08:57:55,870   INFO  [main] CONSOLE: Loaded node-specific settings from voltdbroot/config/path.properties
2018-05-02 08:57:55,871   INFO  [main] HOST: Loaded node-specific settings from voltdbroot/config/path.properties
2018-05-02 08:57:56,245   INFO  [main] NETWORK: Default network thread count: 2
2018-05-02 08:57:56,292   INFO  [main] HOST: Beginning inter-node communication on port 3021.
2018-05-02 08:57:56,298   INFO  [main] HOST: Attempting to bind to leader ip 0.0.0.0/0.0.0.0:3021
2018-05-02 08:57:56,301   INFO  [main] CONSOLE: Connecting to VoltDB cluster as the leader...
2018-05-02 08:57:56,368   INFO  [main] ZK-SERVER: binding to port /127.0.0.1:7181
2018-05-02 08:57:56,386   INFO  [main] ZK-SERVER: Created server with tickTime 3000 minSessionTimeout 6000 maxSessionTimeout 60000
2018-05-02 08:57:56,500   INFO  [main] ZK-SERVER: Initiating client connection, connectString=127.0.0.1:7181 sessionTimeout=2000 watcher=org.voltcore.zk.ZKUtil$1@2b71e916
2018-05-02 08:57:56,507   INFO  [main-SendThread()] ZK-CLIENT: Opening socket connection to server /127.0.0.1:7181
2018-05-02 08:57:56,510   INFO  [NIOServerCxn.Factory:/127.0.0.1:7181] ZK-SERVER: Accepted socket connection from /127.0.0.1:34610
2018-05-02 08:57:56,511   INFO  [main-SendThread(localhost:7181)] ZK-CLIENT: Socket connection established to localhost/127.0.0.1:7181, initiating session
2018-05-02 08:57:56,515   INFO  [NIOServerCxn.Factory:/127.0.0.1:7181] ZK-SERVER: Client attempting to establish new session at /127.0.0.1:34610
2018-05-02 08:57:56,534   INFO  [main-SendThread(localhost:7181)] ZK-CLIENT: Session establishment complete on server localhost/127.0.0.1:7181, sessionid = 0x25f6b66412000000, negotiated timeout = 6000
2018-05-02 08:57:56,537   INFO  [ZooKeeperServer] ZK-SERVER: Established session 0x25f6b66412000000 with negotiated timeout 6000 for client /127.0.0.1:34610
2018-05-02 08:57:56,631   INFO  [Socket Joiner] HOST: Attempting to bind to internal ip 0.0.0.0/0.0.0.0:3021
2018-05-02 08:57:56,669   INFO  [main] HOST: Host id of this node is: 0
2018-05-02 08:57:56,669   INFO  [main] CONSOLE: Host id of this node is: 0
2018-05-02 08:57:56,686   INFO  [main] HOST: Starting a new database cluster
2018-05-02 08:57:56,687   INFO  [main] CONSOLE: Starting a new database cluster
2018-05-02 08:57:56,733   INFO  [main] HOST: URL of deployment: voltdbroot/config/deployment.xml
2018-05-02 08:57:56,746   INFO  [main] HOST: Dead host timeout set to 90000 milliseconds
2018-05-02 08:57:56,747   INFO  [main] HOST: Elastic duration set to 50 milliseconds
2018-05-02 08:57:56,747   INFO  [main] HOST: Elastic throughput set to 2 mb/s
2018-05-02 08:57:56,747   INFO  [main] HOST: Max temptable size set to 100 mb
2018-05-02 08:57:56,747   INFO  [main] HOST: Snapshot priority set to 6 [0 - 10]
2018-05-02 08:57:56,747   INFO  [main] HOST: Query timeout set to 10000 milliseconds
2018-05-02 08:57:56,748   WARN  [main] CONSOLE: User authentication is not enabled. The database is accessible and could be modified or shut down by anyone on the network.
2018-05-02 08:57:57,160   INFO  [Leader elector-/db/leaders/globalservice] HOST: Host 0 promoted to be the global service provider
2018-05-02 08:57:57,957   INFO  [main] HOST: Framework properties are: {org.osgi.framework.system.packages.extra=com.google_voltpatches.common.base;version=1.0.0,com.google_voltpatches.common.collect;version=1.0.0,com.google_voltpatches.common.io;version=1.0.0,com.google_voltpatches.common.net;version=1.0.0,com.google_voltpatches.common.util.concurrent;version=1.0.0,com.yammer.metrics;version=1.0.0,com.yammer.metrics.core;version=1.0.0,com.yammer.metrics.reporting;version=1.0.0,com.yammer.metrics.stats;version=1.0.0,com.yammer.metrics.util;version=1.0.0,jsr166y;version=1.0.0,org.apache.log4j;version=1.0.0,org.slf4j;version=1.0.0,org.voltcore.network;version=1.0.0,org.voltcore.logging;version=1.0.0,org.voltcore.utils;version=1.0.0,org.voltdb;include:="VoltType",version=1.0.0,org.voltdb.client;version=1.0.0,org.voltdb.common;exclude="Permission",version=1.0.0,org.voltdb.importer;version=1.0.0,org.voltdb.importer.formatter;version=1.0.0,org.voltdb.types;version=1.0.0, org.osgi.framework.storage.clean=onFirstInit, felix.cache.rootdir=/home/alex/Escritorio/TFG-taxis/data/Scripts/voltdbroot/.bundles-cache, felix.cache.locking=false}
2018-05-02 08:57:58,365   INFO  [main] IMPORT: Final importer count:0
2018-05-02 08:57:58,365   INFO  [main] IMPORT: Currently loaded importer modules: [], types: []
2018-05-02 08:57:58,367   INFO  [main] EXPORT: System is not using any export functionality or connectors configured are disabled.
2018-05-02 08:57:58,369   INFO  [main] EXPORT: Cleaning out contents of export overflow directory /home/alex/Escritorio/TFG-taxis/data/Scripts/voltdbroot/export_overflow for create with force
2018-05-02 08:57:58,400   INFO  [main] CONSOLE: Initializing the database. This may take a moment...
2018-05-02 08:57:58,581   INFO  [SP 0 Site - 0:0] HOST: Loading native VoltDB code (voltdb-8.0). A confirmation message will follow if the loading is successful.
2018-05-02 08:57:58,669   INFO  [SP 0 Site - 0:0] HOST: Successfully loaded native VoltDB library voltdb-8.0.
2018-05-02 08:57:58,671   WARN  [SP 0 Site - 0:0] DBBPOOL: Strict java memory checking is enabled, don't do release builds or performance runs with this enabled. Invoke "ant clean" and "ant -Djmemcheck=NO_MEMCHECK" to disable.
2018-05-02 08:57:58,916   INFO  [main] TM: Setting maximum size of MPI read pool to: 20
2018-05-02 08:57:58,990   INFO  [LeaderAppointer-Babysitters] TM: Appointing HSId 0:0 as leader for partition 0
2018-05-02 08:57:59,013   INFO  [LeaderAppointer-Babysitters] TM: Appointing HSId 0:1 as leader for partition 1
2018-05-02 08:57:59,015   INFO  [LeaderCache] TM: SP 0:0 for partition 0 found (including self) 1 surviving replicas to repair.  Survivors: 0:0
2018-05-02 08:57:59,034   INFO  [LeaderCache] TM: SP 0:0 for partition 0 finished leader promotion. Took 27 ms.
2018-05-02 08:57:59,064   INFO  [LeaderAppointer-Babysitters] TM: Appointing HSId 0:2 as leader for partition 2
2018-05-02 08:57:59,065   INFO  [LeaderCache] TM: SP 0:1 for partition 1 found (including self) 1 surviving replicas to repair.  Survivors: 0:1
2018-05-02 08:57:59,065   INFO  [LeaderCache] TM: SP 0:1 for partition 1 finished leader promotion. Took 29 ms.
2018-05-02 08:57:59,067   INFO  [LeaderCache] EXPORT: ExportManager accepting mastership for partition 0
2018-05-02 08:57:59,071   INFO  [LeaderCache] HOST: [Cartographer] Sending leader change notification with new leader:0:0 for partition:0
2018-05-02 08:57:59,080   INFO  [LeaderCache] EXPORT: ExportManager accepting mastership for partition 1
2018-05-02 08:57:59,101   INFO  [LeaderAppointer-Babysitters] TM: Appointing HSId 0:3 as leader for partition 3
2018-05-02 08:57:59,108   INFO  [LeaderCache] HOST: [Cartographer] Sending leader change notification with new leader:0:1 for partition:1
2018-05-02 08:57:59,117   INFO  [LeaderCache] TM: SP 0:2 for partition 2 found (including self) 1 surviving replicas to repair.  Survivors: 0:2
2018-05-02 08:57:59,118   INFO  [LeaderCache] TM: SP 0:2 for partition 2 finished leader promotion. Took 16 ms.
2018-05-02 08:57:59,129   INFO  [LeaderCache] EXPORT: ExportManager accepting mastership for partition 2
2018-05-02 08:57:59,130   INFO  [LeaderAppointer-Babysitters] TM: Appointing HSId 0:4 as leader for partition 4
2018-05-02 08:57:59,160   INFO  [LeaderCache] TM: SP 0:3 for partition 3 found (including self) 1 surviving replicas to repair.  Survivors: 0:3
2018-05-02 08:57:59,161   INFO  [LeaderCache] TM: SP 0:3 for partition 3 finished leader promotion. Took 15 ms.
2018-05-02 08:57:59,168   INFO  [LeaderCache] HOST: [Cartographer] Sending leader change notification with new leader:0:2 for partition:2
2018-05-02 08:57:59,174   INFO  [LeaderCache] EXPORT: ExportManager accepting mastership for partition 3
2018-05-02 08:57:59,185   INFO  [LeaderAppointer-Babysitters] TM: Appointing HSId 0:5 as leader for partition 5
2018-05-02 08:57:59,196   INFO  [LeaderCache] TM: SP 0:4 for partition 4 found (including self) 1 surviving replicas to repair.  Survivors: 0:4
2018-05-02 08:57:59,196   INFO  [LeaderCache] TM: SP 0:4 for partition 4 finished leader promotion. Took 11 ms.
2018-05-02 08:57:59,205   INFO  [LeaderCache] HOST: [Cartographer] Sending leader change notification with new leader:0:3 for partition:3
2018-05-02 08:57:59,208   INFO  [LeaderCache] EXPORT: ExportManager accepting mastership for partition 4
2018-05-02 08:57:59,239   INFO  [LeaderAppointer-Babysitters] TM: Appointing HSId 0:6 as leader for partition 6
2018-05-02 08:57:59,245   INFO  [LeaderCache] HOST: [Cartographer] Sending leader change notification with new leader:0:4 for partition:4
2018-05-02 08:57:59,248   INFO  [LeaderCache] TM: SP 0:5 for partition 5 found (including self) 1 surviving replicas to repair.  Survivors: 0:5
2018-05-02 08:57:59,248   INFO  [LeaderCache] TM: SP 0:5 for partition 5 finished leader promotion. Took 26 ms.
2018-05-02 08:57:59,253   INFO  [LeaderCache] EXPORT: ExportManager accepting mastership for partition 5
2018-05-02 08:57:59,261   INFO  [LeaderAppointer-Babysitters] TM: Appointing HSId 0:7 as leader for partition 7
2018-05-02 08:57:59,293   INFO  [LeaderCache] HOST: [Cartographer] Sending leader change notification with new leader:0:5 for partition:5
2018-05-02 08:57:59,307   INFO  [LeaderCache] TM: SP 0:6 for partition 6 found (including self) 1 surviving replicas to repair.  Survivors: 0:6
2018-05-02 08:57:59,308   INFO  [LeaderCache] TM: SP 0:6 for partition 6 finished leader promotion. Took 19 ms.
2018-05-02 08:57:59,314   INFO  [LeaderCache] EXPORT: ExportManager accepting mastership for partition 6
2018-05-02 08:57:59,340   INFO  [LeaderCache] TM: SP 0:7 for partition 7 found (including self) 1 surviving replicas to repair.  Survivors: 0:7
2018-05-02 08:57:59,340   INFO  [LeaderCache] TM: SP 0:7 for partition 7 finished leader promotion. Took 24 ms.
2018-05-02 08:57:59,359   INFO  [LeaderCache] HOST: [Cartographer] Sending leader change notification with new leader:0:6 for partition:6
2018-05-02 08:57:59,361   INFO  [LeaderCache] EXPORT: ExportManager accepting mastership for partition 7
2018-05-02 08:57:59,381   INFO  [LeaderCache] HOST: [Cartographer] Sending leader change notification with new leader:0:7 for partition:7
2018-05-02 08:57:59,398   INFO  [LeaderCache] TM: MP 0:8 for partition 16383 finished leader promotion. Took 21 ms.
2018-05-02 08:57:59,414   INFO  [LeaderCache] HOST: [Cartographer MP] Sending leader change notification with new leader:
2018-05-02 08:57:59,415   INFO  [LeaderCache] HOST: [Cartographer] Sending leader change notification with new leader:0:8 for partition:16383
2018-05-02 08:57:59,446   INFO  [main] HOST: Database start action is Create.
2018-05-02 08:57:59,446   INFO  [main] HOST: Listening for native wire protocol clients on port 21212.
2018-05-02 08:57:59,446   INFO  [main] HOST: Listening for admin wire protocol clients on port 21211.
2018-05-02 08:57:59,446   INFO  [main] HOST: Local machine HTTP monitoring is listening on port 8080.
2018-05-02 08:57:59,447   INFO  [main] HOST: Json API over HTTP enabled at path /api/1.0/, listening on port 8080.
2018-05-02 08:57:59,447   INFO  [main] HOST: Maximum usable Java heap set to 2031 mb.
2018-05-02 08:57:59,447   INFO  [main] HOST: Minimum required Java heap for catalog and server config is 384 MB.
2018-05-02 08:57:59,451   INFO  [main] HOST: Cluster has 1 hosts with leader hostname: "localhost". 8 local sites count. K = 0.
2018-05-02 08:57:59,452   INFO  [main] HOST: The entire cluster has 1 copy of each of the 8 logical partitions.
2018-05-02 08:57:59,452   INFO  [main] HOST: Detection of network partitions in the cluster is enabled.
2018-05-02 08:57:59,452   INFO  [main] HOST: Client authentication is not enabled. Anonymous clients accepted.
2018-05-02 08:57:59,452   INFO  [main] HOST: No schedule set for automated snapshots.
2018-05-02 08:57:59,452   INFO  [main] HOST: Using "/home/alex/Escritorio/TFG-taxis/data/Scripts/voltdbroot" for voltdbroot directory.
2018-05-02 08:57:59,453   INFO  [main] HOST: CPU INFO:         2 Cores, 1 Sockets, 2 Hardware Threads
2018-05-02 08:57:59,453   INFO  [main] HOST: CPU DESC:         Intel(R) Core(TM) i5-4210M CPU @ 2.60GHz 3072 KB cache
2018-05-02 08:57:59,453   INFO  [main] HOST: HOST MEMORY (MB): 11909
2018-05-02 08:57:59,459   INFO  [main] HOST: OS PROFILE:       Linux 4.13.0-39-generic amd64 es_ES
2018-05-02 08:57:59,459   INFO  [main] HOST: DB VERSION:       8.0
2018-05-02 08:57:59,459   INFO  [main] HOST: JAVA VERSION:     1.8.0_162
2018-05-02 08:57:59,459   INFO  [main] HOST: JAVA RUNTIME:     OpenJDK Runtime Environment (1.8.0_162-8u162-b12-0ubuntu0.16.04.2-b12)
2018-05-02 08:57:59,459   INFO  [main] HOST: JAVA VM:          OpenJDK 64-Bit Server VM (25.162-b12, mixed mode)
2018-05-02 08:57:59,460   INFO  [main] HOST: About to list cluster interfaces for all nodes with format [ip1 ip2 ... ipN] client-port,admin-port,http-port
2018-05-02 08:57:59,462   INFO  [main] HOST:   Host id: 0 with interfaces: 10.0.2.15 21212,21211,8080 [SELF]
2018-05-02 08:57:59,471   WARN  [main] CONSOLE: This is not a highly available cluster. K-Safety is set to 0.
2018-05-02 08:57:59,471   WARN  [main] CONSOLE: Durability is turned off. Command logging is off.
2018-05-02 08:57:59,488   INFO  [SnapshotDaemon] LOGGING: This node was selected as the leader for snapshot truncation
2018-05-02 08:57:59,496   INFO  [Thread-16] HOST: Logging config info
2018-05-02 08:57:59,497   INFO  [SnapshotDaemon] LOGGING: Checking for existence of snapshot truncation request
2018-05-02 08:57:59,572   INFO  [Thread-17] HOST: Resource limit monitoring configured to run every 60 seconds
2018-05-02 08:57:59,572   INFO  [Thread-17] HOST: RSS limit: 80% (9,30 GB)
2018-05-02 08:57:59,572   INFO  [Thread-17] EXPORT: System is not using any export functionality or connectors configured are disabled.
2018-05-02 08:57:59,607   INFO  [Thread-17] CONSOLE: Server Operational State is: NORMAL
2018-05-02 08:57:59,607   INFO  [Thread-17] CONSOLE: Server completed initialization.
2018-05-02 08:59:49,748   INFO  [NTPServiceThread-0] COMPILER: @UpdateClasses is invoked, modifying catalog classes.
2018-05-02 08:59:49,752   INFO  [NTPServiceThread-0] COMPILER: Updating java classes available to stored procedures
2018-05-02 08:59:49,906   INFO  [NTPServiceThread-0] COMPILER: Catalog Difference Report
=========================
  Changes have been made to user code (procedures, supporting classes, etc).
2018-05-02 08:59:49,917   INFO  [NTPServiceThread-0] HOST: Max timeout setting for VerifyCatalogAndWriteJar is 60 seconds
2018-05-02 08:59:49,918   INFO  [NTPServiceThread-Priority-0] HOST: Verify user procedure classes and write catalog jar
2018-05-02 08:59:50,034   INFO  [MP Site - 0:8] HOST: New catalog update from: Catalog: catalog hash DB1E967A40, deployment hash D7A7D214B8, version 0
2018-05-02 08:59:50,034   INFO  [MP Site - 0:8] HOST: To: catalog hash: 1BAE80830B, deployment hash: D7A7D214B8
2018-05-02 08:59:50,050   INFO  [SP 0 Site - 0:0] HOST: Site 0:0 acknowledged data and catalog prechecks.
2018-05-02 08:59:50,103   INFO  [SP 1 Site - 0:1] IMPORT: Final importer count:0
2018-05-02 08:59:50,104   INFO  [SP 1 Site - 0:1] HOST: Resource limit monitoring configured to run every 60 seconds
2018-05-02 08:59:50,104   INFO  [SP 1 Site - 0:1] HOST: RSS limit: 80% (9,30 GB)
2018-05-02 08:59:50,165   INFO  [MP Site - 0:8] HOST: Catalog update block time (milliseconds): 131.156601
2018-05-02 08:59:50,166   INFO  [MP Site - 0:8] HOST: Globally updating the current application catalog and deployment (new hashes 1BAE80830B, D7A7D214B8).
2018-05-02 08:59:51,363   INFO  [NTPServiceThread-1] COMPILER: Applying the following DDL to cluster:
2018-05-02 08:59:51,364   INFO  [NTPServiceThread-1] COMPILER: 	CREATE TABLE taxis2016 (
   vendorID INTEGER,
   tpep_pickup_datetime VARCHAR(64),
   tpep_dropoff_datetime VARCHAR(64),
   passenger_count INTEGER,
   trip_distance DECIMAL,
   pickup_longitude DECIMAL,
   pickup_latitude DECIMAL,
   ratecodeID INTEGER,
   store_and_fwd_flag VARCHAR(1),
   dropoff_longitude DECIMAL NOT NULL,
   dropoff_latitude DECIMAL NOT NULL,
   payment_type INTEGER,
   fare_amount DECIMAL,
   extra DECIMAL,
   mta_tax DECIMAL,
   tip_amount DECIMAL,
   tolls_amount DECIMAL,
   improvement_surcharge DECIMAL,
   total_amount DECIMAL
)
2018-05-02 08:59:51,585   INFO  [NTPServiceThread-1] COMPILER: Catalog Difference Report
=========================
TABLE CHANGES:
  Table TAXIS2016 added.

2018-05-02 08:59:51,591   INFO  [NTPServiceThread-1] HOST: Max timeout setting for VerifyCatalogAndWriteJar is 60 seconds
2018-05-02 08:59:51,591   INFO  [NTPServiceThread-Priority-0] HOST: Verify user procedure classes and write catalog jar
2018-05-02 08:59:51,694   INFO  [MP Site - 0:8] HOST: New catalog update from: Catalog: catalog hash 1BAE80830B, deployment hash D7A7D214B8, version 1
2018-05-02 08:59:51,694   INFO  [MP Site - 0:8] HOST: To: catalog hash: BBAAB29754, deployment hash: D7A7D214B8
2018-05-02 08:59:51,696   INFO  [SP 1 Site - 0:1] HOST: Site 0:1 acknowledged data and catalog prechecks.
2018-05-02 08:59:51,733   INFO  [SP 1 Site - 0:1] IMPORT: Final importer count:0
2018-05-02 08:59:51,733   INFO  [SP 1 Site - 0:1] HOST: Resource limit monitoring configured to run every 60 seconds
2018-05-02 08:59:51,734   INFO  [SP 1 Site - 0:1] HOST: RSS limit: 80% (9,30 GB)
2018-05-02 08:59:51,765   INFO  [MP Site - 0:8] HOST: Catalog update block time (milliseconds): 70.754919
2018-05-02 08:59:51,765   INFO  [MP Site - 0:8] HOST: Globally updating the current application catalog and deployment (new hashes BBAAB29754, D7A7D214B8).
2018-05-02 08:59:51,837   INFO  [NTPServiceThread-0] COMPILER: Applying the following DDL to cluster:
2018-05-02 08:59:51,837   INFO  [NTPServiceThread-0] COMPILER: 	CREATE PROCEDURE journey_max_total_amount_trips2016
  AS 
    SELECT total_amount, pickup_longitude, pickup_latitude, dropoff_longitude, dropoff_latitude
    FROM taxis2016
    ORDER BY total_amount
    DESC LIMIT 1
2018-05-02 08:59:52,136   INFO  [NTPServiceThread-0] COMPILER: Catalog Difference Report
=========================
PROCEDURE CHANGES:
  Procedure journey_max_total_amount_trips2016 added.

2018-05-02 08:59:52,141   INFO  [NTPServiceThread-0] HOST: Max timeout setting for VerifyCatalogAndWriteJar is 60 seconds
2018-05-02 08:59:52,141   INFO  [NTPServiceThread-Priority-0] HOST: Verify user procedure classes and write catalog jar
2018-05-02 08:59:52,249   INFO  [MP Site - 0:8] HOST: New catalog update from: Catalog: catalog hash BBAAB29754, deployment hash D7A7D214B8, version 2
2018-05-02 08:59:52,249   INFO  [MP Site - 0:8] HOST: To: catalog hash: BD35CEA68F, deployment hash: D7A7D214B8
2018-05-02 08:59:52,252   INFO  [SP 2 Site - 0:2] HOST: Site 0:2 acknowledged data and catalog prechecks.
2018-05-02 08:59:52,286   INFO  [SP 0 Site - 0:0] IMPORT: Final importer count:0
2018-05-02 08:59:52,287   INFO  [SP 0 Site - 0:0] HOST: Resource limit monitoring configured to run every 60 seconds
2018-05-02 08:59:52,287   INFO  [SP 0 Site - 0:0] HOST: RSS limit: 80% (9,30 GB)
2018-05-02 08:59:52,308   INFO  [MP Site - 0:8] HOST: Catalog update block time (milliseconds): 58.983976999999996
2018-05-02 08:59:52,308   INFO  [MP Site - 0:8] HOST: Globally updating the current application catalog and deployment (new hashes BD35CEA68F, D7A7D214B8).
2018-05-02 08:59:52,407   INFO  [NTPServiceThread-1] COMPILER: Applying the following DDL to cluster:
2018-05-02 08:59:52,407   INFO  [NTPServiceThread-1] COMPILER: 	CREATE PROCEDURE journey_min_total_amount_trips2016
  AS 
    SELECT total_amount, pickup_longitude, pickup_latitude, dropoff_longitude, dropoff_latitude
    FROM taxis2016
    ORDER BY total_amount
    ASC LIMIT 1
2018-05-02 08:59:52,583   INFO  [NTPServiceThread-1] COMPILER: Catalog Difference Report
=========================
PROCEDURE CHANGES:
  Procedure journey_min_total_amount_trips2016 added.

2018-05-02 08:59:52,584   INFO  [NTPServiceThread-1] HOST: Max timeout setting for VerifyCatalogAndWriteJar is 60 seconds
2018-05-02 08:59:52,584   INFO  [NTPServiceThread-Priority-0] HOST: Verify user procedure classes and write catalog jar
2018-05-02 08:59:52,691   INFO  [MP Site - 0:8] HOST: New catalog update from: Catalog: catalog hash BD35CEA68F, deployment hash D7A7D214B8, version 3
2018-05-02 08:59:52,691   INFO  [MP Site - 0:8] HOST: To: catalog hash: C45CF1F0CD, deployment hash: D7A7D214B8
2018-05-02 08:59:52,692   INFO  [SP 3 Site - 0:3] HOST: Site 0:3 acknowledged data and catalog prechecks.
2018-05-02 08:59:52,717   INFO  [SP 4 Site - 0:4] IMPORT: Final importer count:0
2018-05-02 08:59:52,717   INFO  [SP 4 Site - 0:4] HOST: Resource limit monitoring configured to run every 60 seconds
2018-05-02 08:59:52,718   INFO  [SP 4 Site - 0:4] HOST: RSS limit: 80% (9,30 GB)
2018-05-02 08:59:52,733   INFO  [MP Site - 0:8] HOST: Catalog update block time (milliseconds): 42.208866
2018-05-02 08:59:52,734   INFO  [MP Site - 0:8] HOST: Globally updating the current application catalog and deployment (new hashes C45CF1F0CD, D7A7D214B8).
2018-05-02 08:59:52,803   INFO  [NTPServiceThread-0] COMPILER: Applying the following DDL to cluster:
2018-05-02 08:59:52,803   INFO  [NTPServiceThread-0] COMPILER: 	CREATE PROCEDURE total_voided_trips2016
  AS 
    SELECT count(payment_type) AS total_voided_trips
    FROM taxis2016
    WHERE payment_type = 6
2018-05-02 08:59:52,947   INFO  [NTPServiceThread-0] COMPILER: Catalog Difference Report
=========================
PROCEDURE CHANGES:
  Procedure total_voided_trips2016 added.

2018-05-02 08:59:52,948   INFO  [NTPServiceThread-Priority-0] HOST: Verify user procedure classes and write catalog jar
2018-05-02 08:59:52,955   INFO  [NTPServiceThread-0] HOST: Max timeout setting for VerifyCatalogAndWriteJar is 60 seconds
2018-05-02 08:59:53,062   INFO  [MP Site - 0:8] HOST: New catalog update from: Catalog: catalog hash C45CF1F0CD, deployment hash D7A7D214B8, version 4
2018-05-02 08:59:53,062   INFO  [MP Site - 0:8] HOST: To: catalog hash: A48B836CE6, deployment hash: D7A7D214B8
2018-05-02 08:59:53,063   INFO  [SP 4 Site - 0:4] HOST: Site 0:4 acknowledged data and catalog prechecks.
2018-05-02 08:59:53,077   INFO  [SP 0 Site - 0:0] IMPORT: Final importer count:0
2018-05-02 08:59:53,077   INFO  [SP 0 Site - 0:0] HOST: Resource limit monitoring configured to run every 60 seconds
2018-05-02 08:59:53,077   INFO  [SP 0 Site - 0:0] HOST: RSS limit: 80% (9,30 GB)
2018-05-02 08:59:53,088   INFO  [MP Site - 0:8] HOST: Catalog update block time (milliseconds): 26.058529999999998
2018-05-02 08:59:53,088   INFO  [MP Site - 0:8] HOST: Globally updating the current application catalog and deployment (new hashes A48B836CE6, D7A7D214B8).
2018-05-02 08:59:53,148   INFO  [NTPServiceThread-1] COMPILER: Applying the following DDL to cluster:
2018-05-02 08:59:53,148   INFO  [NTPServiceThread-1] COMPILER: 	CREATE PROCEDURE total_no_charge_trips2016
  AS 
    SELECT count(payment_type) AS total_no_charge_trips
    FROM taxis2016
    WHERE payment_type = 3
2018-05-02 08:59:53,278   INFO  [NTPServiceThread-1] COMPILER: Catalog Difference Report
=========================
PROCEDURE CHANGES:
  Procedure total_no_charge_trips2016 added.

2018-05-02 08:59:53,278   INFO  [NTPServiceThread-1] HOST: Max timeout setting for VerifyCatalogAndWriteJar is 60 seconds
2018-05-02 08:59:53,279   INFO  [NTPServiceThread-Priority-0] HOST: Verify user procedure classes and write catalog jar
2018-05-02 08:59:53,391   INFO  [MP Site - 0:8] HOST: New catalog update from: Catalog: catalog hash A48B836CE6, deployment hash D7A7D214B8, version 5
2018-05-02 08:59:53,391   INFO  [MP Site - 0:8] HOST: To: catalog hash: 90C2D347E0, deployment hash: D7A7D214B8
2018-05-02 08:59:53,392   INFO  [SP 5 Site - 0:5] HOST: Site 0:5 acknowledged data and catalog prechecks.
2018-05-02 08:59:53,440   INFO  [SP 3 Site - 0:3] IMPORT: Final importer count:0
2018-05-02 08:59:53,441   INFO  [SP 3 Site - 0:3] HOST: Resource limit monitoring configured to run every 60 seconds
2018-05-02 08:59:53,441   INFO  [SP 3 Site - 0:3] HOST: RSS limit: 80% (9,30 GB)
2018-05-02 08:59:53,454   INFO  [MP Site - 0:8] HOST: Catalog update block time (milliseconds): 62.696994
2018-05-02 08:59:53,454   INFO  [MP Site - 0:8] HOST: Globally updating the current application catalog and deployment (new hashes 90C2D347E0, D7A7D214B8).
2018-05-02 08:59:53,490   INFO  [NTPServiceThread-0] COMPILER: Applying the following DDL to cluster:
2018-05-02 08:59:53,491   INFO  [NTPServiceThread-0] COMPILER: 	CREATE PROCEDURE total_payment_type_trips2016
  AS 
    SELECT count(payment_type) AS total_payment_type_trips
    FROM taxis2016
    WHERE payment_type = ?
2018-05-02 08:59:53,608   INFO  [NTPServiceThread-0] COMPILER: Catalog Difference Report
=========================
PROCEDURE CHANGES:
  Procedure total_payment_type_trips2016 added.

2018-05-02 08:59:53,608   INFO  [NTPServiceThread-Priority-0] HOST: Verify user procedure classes and write catalog jar
2018-05-02 08:59:53,618   INFO  [NTPServiceThread-0] HOST: Max timeout setting for VerifyCatalogAndWriteJar is 60 seconds
2018-05-02 08:59:53,725   INFO  [MP Site - 0:8] HOST: New catalog update from: Catalog: catalog hash 90C2D347E0, deployment hash D7A7D214B8, version 6
2018-05-02 08:59:53,725   INFO  [MP Site - 0:8] HOST: To: catalog hash: F13FC096C8, deployment hash: D7A7D214B8
2018-05-02 08:59:53,726   INFO  [SP 6 Site - 0:6] HOST: Site 0:6 acknowledged data and catalog prechecks.
2018-05-02 08:59:53,746   INFO  [SP 0 Site - 0:0] IMPORT: Final importer count:0
2018-05-02 08:59:53,747   INFO  [SP 0 Site - 0:0] HOST: Resource limit monitoring configured to run every 60 seconds
2018-05-02 08:59:53,748   INFO  [SP 0 Site - 0:0] HOST: RSS limit: 80% (9,30 GB)
2018-05-02 08:59:53,763   INFO  [MP Site - 0:8] HOST: Catalog update block time (milliseconds): 38.125142
2018-05-02 08:59:53,763   INFO  [MP Site - 0:8] HOST: Globally updating the current application catalog and deployment (new hashes F13FC096C8, D7A7D214B8).
2018-05-02 08:59:53,800   INFO  [NTPServiceThread-1] COMPILER: Applying the following DDL to cluster:
2018-05-02 08:59:53,800   INFO  [NTPServiceThread-1] COMPILER: 	CREATE PROCEDURE total_rate_code_trips2016
  AS 
    SELECT count(ratecodeID) AS rate_code_trip
    FROM taxis2016
    WHERE ratecodeID = ?
2018-05-02 08:59:53,885   INFO  [NTPServiceThread-1] COMPILER: Catalog Difference Report
=========================
PROCEDURE CHANGES:
  Procedure total_rate_code_trips2016 added.

2018-05-02 08:59:53,885   INFO  [NTPServiceThread-1] HOST: Max timeout setting for VerifyCatalogAndWriteJar is 60 seconds
2018-05-02 08:59:53,885   INFO  [NTPServiceThread-Priority-0] HOST: Verify user procedure classes and write catalog jar
2018-05-02 08:59:53,993   INFO  [MP Site - 0:8] HOST: New catalog update from: Catalog: catalog hash F13FC096C8, deployment hash D7A7D214B8, version 7
2018-05-02 08:59:53,993   INFO  [MP Site - 0:8] HOST: To: catalog hash: 6F51A7923F, deployment hash: D7A7D214B8
2018-05-02 08:59:53,995   INFO  [SP 7 Site - 0:7] HOST: Site 0:7 acknowledged data and catalog prechecks.
2018-05-02 08:59:54,027   INFO  [SP 1 Site - 0:1] IMPORT: Final importer count:0
2018-05-02 08:59:54,027   INFO  [SP 1 Site - 0:1] HOST: Resource limit monitoring configured to run every 60 seconds
2018-05-02 08:59:54,027   INFO  [SP 1 Site - 0:1] HOST: RSS limit: 80% (9,30 GB)
2018-05-02 08:59:54,035   INFO  [MP Site - 0:8] HOST: Catalog update block time (milliseconds): 41.439493
2018-05-02 08:59:54,035   INFO  [MP Site - 0:8] HOST: Globally updating the current application catalog and deployment (new hashes 6F51A7923F, D7A7D214B8).
2018-05-02 08:59:54,095   INFO  [NTPServiceThread-0] COMPILER: Applying the following DDL to cluster:
2018-05-02 08:59:54,096   INFO  [NTPServiceThread-0] COMPILER: 	CREATE PROCEDURE total_passengers_vendorId_trips2016
  AS 
    SELECT SUM(passenger_count) AS total_passengers_vendorId 
    FROM taxis2016 
    WHERE vendorID = ?
2018-05-02 08:59:54,199   INFO  [NTPServiceThread-0] COMPILER: Catalog Difference Report
=========================
PROCEDURE CHANGES:
  Procedure total_passengers_vendorId_trips2016 added.

2018-05-02 08:59:54,199   INFO  [NTPServiceThread-Priority-0] HOST: Verify user procedure classes and write catalog jar
2018-05-02 08:59:54,209   INFO  [NTPServiceThread-0] HOST: Max timeout setting for VerifyCatalogAndWriteJar is 60 seconds
2018-05-02 08:59:54,321   INFO  [MP Site - 0:8] HOST: New catalog update from: Catalog: catalog hash 6F51A7923F, deployment hash D7A7D214B8, version 8
2018-05-02 08:59:54,321   INFO  [MP Site - 0:8] HOST: To: catalog hash: 29C6727115, deployment hash: D7A7D214B8
2018-05-02 08:59:54,323   INFO  [SP 0 Site - 0:0] HOST: Site 0:0 acknowledged data and catalog prechecks.
2018-05-02 08:59:54,348   INFO  [SP 2 Site - 0:2] IMPORT: Final importer count:0
2018-05-02 08:59:54,348   INFO  [SP 2 Site - 0:2] HOST: Resource limit monitoring configured to run every 60 seconds
2018-05-02 08:59:54,348   INFO  [SP 2 Site - 0:2] HOST: RSS limit: 80% (9,30 GB)
2018-05-02 08:59:54,360   INFO  [MP Site - 0:8] HOST: Catalog update block time (milliseconds): 38.617425000000004
2018-05-02 08:59:54,360   INFO  [MP Site - 0:8] HOST: Globally updating the current application catalog and deployment (new hashes 29C6727115, D7A7D214B8).
2018-05-02 08:59:54,408   INFO  [NTPServiceThread-1] COMPILER: Applying the following DDL to cluster:
2018-05-02 08:59:54,408   INFO  [NTPServiceThread-1] COMPILER: 	CREATE PROCEDURE average_passengers_taxi_trips2016
  AS 
    SELECT AVG(passenger_count) AS average_passengers_taxi
    FROM taxis2016
2018-05-02 08:59:54,498   INFO  [NTPServiceThread-1] COMPILER: Catalog Difference Report
=========================
PROCEDURE CHANGES:
  Procedure average_passengers_taxi_trips2016 added.

2018-05-02 08:59:54,499   INFO  [NTPServiceThread-1] HOST: Max timeout setting for VerifyCatalogAndWriteJar is 60 seconds
2018-05-02 08:59:54,499   INFO  [NTPServiceThread-Priority-0] HOST: Verify user procedure classes and write catalog jar
2018-05-02 08:59:54,621   INFO  [MP Site - 0:8] HOST: New catalog update from: Catalog: catalog hash 29C6727115, deployment hash D7A7D214B8, version 9
2018-05-02 08:59:54,621   INFO  [MP Site - 0:8] HOST: To: catalog hash: D473D66EF6, deployment hash: D7A7D214B8
2018-05-02 08:59:54,622   INFO  [SP 1 Site - 0:1] HOST: Site 0:1 acknowledged data and catalog prechecks.
2018-05-02 08:59:54,632   INFO  [SP 3 Site - 0:3] IMPORT: Final importer count:0
2018-05-02 08:59:54,632   INFO  [SP 3 Site - 0:3] HOST: Resource limit monitoring configured to run every 60 seconds
2018-05-02 08:59:54,632   INFO  [SP 3 Site - 0:3] HOST: RSS limit: 80% (9,30 GB)
2018-05-02 08:59:54,643   INFO  [MP Site - 0:8] HOST: Catalog update block time (milliseconds): 22.3513
2018-05-02 08:59:54,643   INFO  [MP Site - 0:8] HOST: Globally updating the current application catalog and deployment (new hashes D473D66EF6, D7A7D214B8).
2018-05-02 08:59:54,682   INFO  [NTPServiceThread-0] COMPILER: Applying the following DDL to cluster:
2018-05-02 08:59:54,682   INFO  [NTPServiceThread-0] COMPILER: 	CREATE PROCEDURE
  FROM CLASS max_distance_trips2016
2018-05-02 08:59:54,719   WARN  [NTPServiceThread-0] COMPILER: [max_distance_trips2016.class]: Procedure max_distance_trips2016 has a statement with a non-deterministic result - statement: "SELECT trip_distance, pickup_longitude, pickup_latitude, dropoff_longitude, dropoff_latitude FROM taxis2016 ORDER BY trip_distance DESC LIMIT 1;" , reason: the query result does not guarantee a consistent ordering
2018-05-02 08:59:54,822   INFO  [NTPServiceThread-0] COMPILER: Catalog Difference Report
=========================
PROCEDURE CHANGES:
  Procedure max_distance_trips2016 added.

2018-05-02 08:59:54,824   INFO  [NTPServiceThread-0] HOST: Max timeout setting for VerifyCatalogAndWriteJar is 60 seconds
2018-05-02 08:59:54,824   INFO  [NTPServiceThread-Priority-0] HOST: Verify user procedure classes and write catalog jar
2018-05-02 08:59:54,932   INFO  [MP Site - 0:8] HOST: New catalog update from: Catalog: catalog hash D473D66EF6, deployment hash D7A7D214B8, version 10
2018-05-02 08:59:54,932   INFO  [MP Site - 0:8] HOST: To: catalog hash: 6C587A3EAF, deployment hash: D7A7D214B8
2018-05-02 08:59:54,934   INFO  [SP 2 Site - 0:2] HOST: Site 0:2 acknowledged data and catalog prechecks.
2018-05-02 08:59:54,950   INFO  [SP 2 Site - 0:2] IMPORT: Final importer count:0
2018-05-02 08:59:54,950   INFO  [SP 2 Site - 0:2] HOST: Resource limit monitoring configured to run every 60 seconds
2018-05-02 08:59:54,950   INFO  [SP 2 Site - 0:2] HOST: RSS limit: 80% (9,30 GB)
2018-05-02 08:59:54,961   INFO  [MP Site - 0:8] HOST: Catalog update block time (milliseconds): 28.91946
2018-05-02 08:59:54,961   INFO  [MP Site - 0:8] HOST: Globally updating the current application catalog and deployment (new hashes 6C587A3EAF, D7A7D214B8).
2018-05-02 08:59:55,015   INFO  [NTPServiceThread-1] COMPILER: Applying the following DDL to cluster:
2018-05-02 08:59:55,015   INFO  [NTPServiceThread-1] COMPILER: 	CREATE PROCEDURE
  FROM CLASS min_distance_trips2016
2018-05-02 08:59:55,067   WARN  [NTPServiceThread-1] COMPILER: [min_distance_trips2016.class]: Procedure min_distance_trips2016 has a statement with a non-deterministic result - statement: "SELECT trip_distance, pickup_longitude, pickup_latitude, dropoff_longitude, dropoff_latitude FROM taxis2016 ORDER BY trip_distance ASC LIMIT 1;" , reason: the query result does not guarantee a consistent ordering
2018-05-02 08:59:55,069   WARN  [NTPServiceThread-1] COMPILER: [max_distance_trips2016.class]: Procedure max_distance_trips2016 has a statement with a non-deterministic result - statement: "SELECT trip_distance, pickup_longitude, pickup_latitude, dropoff_longitude, dropoff_latitude FROM taxis2016 ORDER BY trip_distance DESC LIMIT 1;" , reason: the query result does not guarantee a consistent ordering
2018-05-02 08:59:55,176   INFO  [NTPServiceThread-1] COMPILER: Catalog Difference Report
=========================
PROCEDURE CHANGES:
  Procedure min_distance_trips2016 added.

2018-05-02 08:59:55,176   INFO  [NTPServiceThread-1] HOST: Max timeout setting for VerifyCatalogAndWriteJar is 60 seconds
2018-05-02 08:59:55,176   INFO  [NTPServiceThread-Priority-0] HOST: Verify user procedure classes and write catalog jar
2018-05-02 08:59:55,284   INFO  [MP Site - 0:8] HOST: New catalog update from: Catalog: catalog hash 6C587A3EAF, deployment hash D7A7D214B8, version 11
2018-05-02 08:59:55,285   INFO  [MP Site - 0:8] HOST: To: catalog hash: 235485879E, deployment hash: D7A7D214B8
2018-05-02 08:59:55,285   INFO  [SP 3 Site - 0:3] HOST: Site 0:3 acknowledged data and catalog prechecks.
2018-05-02 08:59:55,302   INFO  [SP 5 Site - 0:5] IMPORT: Final importer count:0
2018-05-02 08:59:55,304   INFO  [SP 5 Site - 0:5] HOST: Resource limit monitoring configured to run every 60 seconds
2018-05-02 08:59:55,305   INFO  [SP 5 Site - 0:5] HOST: RSS limit: 80% (9,30 GB)
2018-05-02 08:59:55,315   INFO  [MP Site - 0:8] HOST: Catalog update block time (milliseconds): 30.540011999999997
2018-05-02 08:59:55,315   INFO  [MP Site - 0:8] HOST: Globally updating the current application catalog and deployment (new hashes 235485879E, D7A7D214B8).
2018-05-02 08:59:56,071   INFO  [NTPServiceThread-0] COMPILER: Applying the following DDL to cluster:
2018-05-02 08:59:56,077   INFO  [NTPServiceThread-0] COMPILER: 	CREATE TABLE taxis2017 (
   vendorID INTEGER,
   tpep_pickup_datetime VARCHAR(64),
   tpep_dropoff_datetime VARCHAR(64),
   passenger_count INTEGER,
   trip_distance DECIMAL,
   ratecodeID INTEGER,
   store_and_fwd_flag VARCHAR(1),
   PULocationID INTEGER NOT NULL,
   DOLocationID INTEGER NOT NULL,
   payment_type INTEGER,
   fare_amount DECIMAL,
   extra DECIMAL,
   mta_tax DECIMAL,
   tip_amount DECIMAL,
   tolls_amount DECIMAL,
   improvement_surcharge DECIMAL,
   total_amount DECIMAL
)
2018-05-02 08:59:56,114   WARN  [NTPServiceThread-0] COMPILER: [min_distance_trips2016.class]: Procedure min_distance_trips2016 has a statement with a non-deterministic result - statement: "SELECT trip_distance, pickup_longitude, pickup_latitude, dropoff_longitude, dropoff_latitude FROM taxis2016 ORDER BY trip_distance ASC LIMIT 1;" , reason: the query result does not guarantee a consistent ordering
2018-05-02 08:59:56,120   WARN  [NTPServiceThread-0] COMPILER: [max_distance_trips2016.class]: Procedure max_distance_trips2016 has a statement with a non-deterministic result - statement: "SELECT trip_distance, pickup_longitude, pickup_latitude, dropoff_longitude, dropoff_latitude FROM taxis2016 ORDER BY trip_distance DESC LIMIT 1;" , reason: the query result does not guarantee a consistent ordering
2018-05-02 08:59:56,237   INFO  [NTPServiceThread-0] COMPILER: Catalog Difference Report
=========================
TABLE CHANGES:
  Table TAXIS2017 added.

2018-05-02 08:59:56,238   INFO  [NTPServiceThread-Priority-0] HOST: Verify user procedure classes and write catalog jar
2018-05-02 08:59:56,254   INFO  [NTPServiceThread-0] HOST: Max timeout setting for VerifyCatalogAndWriteJar is 60 seconds
2018-05-02 08:59:56,367   INFO  [MP Site - 0:8] HOST: New catalog update from: Catalog: catalog hash 235485879E, deployment hash D7A7D214B8, version 12
2018-05-02 08:59:56,367   INFO  [MP Site - 0:8] HOST: To: catalog hash: 0654CD399F, deployment hash: D7A7D214B8
2018-05-02 08:59:56,368   INFO  [SP 4 Site - 0:4] HOST: Site 0:4 acknowledged data and catalog prechecks.
2018-05-02 08:59:56,395   INFO  [SP 0 Site - 0:0] IMPORT: Final importer count:0
2018-05-02 08:59:56,395   INFO  [SP 0 Site - 0:0] HOST: Resource limit monitoring configured to run every 60 seconds
2018-05-02 08:59:56,396   INFO  [SP 0 Site - 0:0] HOST: RSS limit: 80% (9,30 GB)
2018-05-02 08:59:56,412   INFO  [MP Site - 0:8] HOST: Catalog update block time (milliseconds): 45.421434999999995
2018-05-02 08:59:56,412   INFO  [MP Site - 0:8] HOST: Globally updating the current application catalog and deployment (new hashes 0654CD399F, D7A7D214B8).
2018-05-02 08:59:56,468   INFO  [NTPServiceThread-1] COMPILER: Applying the following DDL to cluster:
2018-05-02 08:59:56,468   INFO  [NTPServiceThread-1] COMPILER: 	CREATE INDEX y_tripdata_idx ON taxis2017 (PULocationId, DOLocationId)
2018-05-02 08:59:56,513   WARN  [NTPServiceThread-1] COMPILER: [min_distance_trips2016.class]: Procedure min_distance_trips2016 has a statement with a non-deterministic result - statement: "SELECT trip_distance, pickup_longitude, pickup_latitude, dropoff_longitude, dropoff_latitude FROM taxis2016 ORDER BY trip_distance ASC LIMIT 1;" , reason: the query result does not guarantee a consistent ordering
2018-05-02 08:59:56,519   WARN  [NTPServiceThread-1] COMPILER: [max_distance_trips2016.class]: Procedure max_distance_trips2016 has a statement with a non-deterministic result - statement: "SELECT trip_distance, pickup_longitude, pickup_latitude, dropoff_longitude, dropoff_latitude FROM taxis2016 ORDER BY trip_distance DESC LIMIT 1;" , reason: the query result does not guarantee a consistent ordering
2018-05-02 08:59:56,606   INFO  [NTPServiceThread-1] COMPILER: Catalog Difference Report
=========================
TABLE CHANGES:
  Table TAXIS2017 has been modified.

2018-05-02 08:59:56,607   INFO  [NTPServiceThread-Priority-0] HOST: Verify user procedure classes and write catalog jar
2018-05-02 08:59:56,623   INFO  [NTPServiceThread-1] HOST: Max timeout setting for VerifyCatalogAndWriteJar is 60 seconds
2018-05-02 08:59:56,730   INFO  [MP Site - 0:8] HOST: New catalog update from: Catalog: catalog hash 0654CD399F, deployment hash D7A7D214B8, version 13
2018-05-02 08:59:56,730   INFO  [MP Site - 0:8] HOST: To: catalog hash: 6693550505, deployment hash: D7A7D214B8
2018-05-02 08:59:56,730   INFO  [SP 5 Site - 0:5] HOST: Site 0:5 acknowledged data and catalog prechecks.
2018-05-02 08:59:56,742   INFO  [SP 0 Site - 0:0] IMPORT: Final importer count:0
2018-05-02 08:59:56,742   INFO  [SP 0 Site - 0:0] HOST: Resource limit monitoring configured to run every 60 seconds
2018-05-02 08:59:56,743   INFO  [SP 0 Site - 0:0] HOST: RSS limit: 80% (9,30 GB)
2018-05-02 08:59:56,756   INFO  [MP Site - 0:8] HOST: Catalog update block time (milliseconds): 26.356650000000002
2018-05-02 08:59:56,756   INFO  [MP Site - 0:8] HOST: Globally updating the current application catalog and deployment (new hashes 6693550505, D7A7D214B8).
2018-05-02 08:59:56,791   INFO  [NTPServiceThread-0] COMPILER: Applying the following DDL to cluster:
2018-05-02 08:59:56,791   INFO  [NTPServiceThread-0] COMPILER: 	PARTITION TABLE taxis2017 ON COLUMN PULocationId
2018-05-02 08:59:56,820   WARN  [NTPServiceThread-0] COMPILER: [min_distance_trips2016.class]: Procedure min_distance_trips2016 has a statement with a non-deterministic result - statement: "SELECT trip_distance, pickup_longitude, pickup_latitude, dropoff_longitude, dropoff_latitude FROM taxis2016 ORDER BY trip_distance ASC LIMIT 1;" , reason: the query result does not guarantee a consistent ordering
2018-05-02 08:59:56,821   WARN  [NTPServiceThread-0] COMPILER: [max_distance_trips2016.class]: Procedure max_distance_trips2016 has a statement with a non-deterministic result - statement: "SELECT trip_distance, pickup_longitude, pickup_latitude, dropoff_longitude, dropoff_latitude FROM taxis2016 ORDER BY trip_distance DESC LIMIT 1;" , reason: the query result does not guarantee a consistent ordering
2018-05-02 08:59:56,930   INFO  [NTPServiceThread-0] COMPILER: Catalog Difference Report
=========================
TABLE CHANGES:
  Table TAXIS2017 has been modified.

2018-05-02 08:59:56,933   INFO  [NTPServiceThread-Priority-0] HOST: Verify user procedure classes and write catalog jar
2018-05-02 08:59:56,945   INFO  [NTPServiceThread-0] HOST: Max timeout setting for VerifyCatalogAndWriteJar is 60 seconds
2018-05-02 08:59:57,060   INFO  [MP Site - 0:8] HOST: New catalog update from: Catalog: catalog hash 6693550505, deployment hash D7A7D214B8, version 14
2018-05-02 08:59:57,060   INFO  [MP Site - 0:8] HOST: To: catalog hash: 84A309331F, deployment hash: D7A7D214B8
2018-05-02 08:59:57,066   INFO  [SP 6 Site - 0:6] HOST: Site 0:6 acknowledged data and catalog prechecks.
2018-05-02 08:59:57,081   INFO  [SP 4 Site - 0:4] IMPORT: Final importer count:0
2018-05-02 08:59:57,081   INFO  [SP 4 Site - 0:4] HOST: Resource limit monitoring configured to run every 60 seconds
2018-05-02 08:59:57,081   INFO  [SP 4 Site - 0:4] HOST: RSS limit: 80% (9,30 GB)
2018-05-02 08:59:57,090   INFO  [MP Site - 0:8] HOST: Catalog update block time (milliseconds): 29.836419000000003
2018-05-02 08:59:57,090   INFO  [MP Site - 0:8] HOST: Globally updating the current application catalog and deployment (new hashes 84A309331F, D7A7D214B8).
2018-05-02 08:59:57,151   INFO  [NTPServiceThread-1] COMPILER: Applying the following DDL to cluster:
2018-05-02 08:59:57,151   INFO  [NTPServiceThread-1] COMPILER: 	CREATE TABLE location(
  location_Id INTEGER NOT NULL primary key,
  borough VARCHAR(64),
  zone VARCHAR(64),
  service_Zone VARCHAR(64),
  ntacode VARCHAR(64)
)
2018-05-02 08:59:57,196   WARN  [NTPServiceThread-1] COMPILER: [min_distance_trips2016.class]: Procedure min_distance_trips2016 has a statement with a non-deterministic result - statement: "SELECT trip_distance, pickup_longitude, pickup_latitude, dropoff_longitude, dropoff_latitude FROM taxis2016 ORDER BY trip_distance ASC LIMIT 1;" , reason: the query result does not guarantee a consistent ordering
2018-05-02 08:59:57,202   WARN  [NTPServiceThread-1] COMPILER: [max_distance_trips2016.class]: Procedure max_distance_trips2016 has a statement with a non-deterministic result - statement: "SELECT trip_distance, pickup_longitude, pickup_latitude, dropoff_longitude, dropoff_latitude FROM taxis2016 ORDER BY trip_distance DESC LIMIT 1;" , reason: the query result does not guarantee a consistent ordering
2018-05-02 08:59:57,270   INFO  [NTPServiceThread-1] COMPILER: Catalog Difference Report
=========================
TABLE CHANGES:
  Table LOCATION added.

2018-05-02 08:59:57,271   INFO  [NTPServiceThread-1] HOST: Max timeout setting for VerifyCatalogAndWriteJar is 60 seconds
2018-05-02 08:59:57,275   INFO  [NTPServiceThread-Priority-0] HOST: Verify user procedure classes and write catalog jar
2018-05-02 08:59:57,379   INFO  [MP Site - 0:8] HOST: New catalog update from: Catalog: catalog hash 84A309331F, deployment hash D7A7D214B8, version 15
2018-05-02 08:59:57,379   INFO  [MP Site - 0:8] HOST: To: catalog hash: DCFFB492C7, deployment hash: D7A7D214B8
2018-05-02 08:59:57,380   INFO  [SP 7 Site - 0:7] HOST: Site 0:7 acknowledged data and catalog prechecks.
2018-05-02 08:59:57,396   INFO  [SP 0 Site - 0:0] IMPORT: Final importer count:0
2018-05-02 08:59:57,396   INFO  [SP 0 Site - 0:0] HOST: Resource limit monitoring configured to run every 60 seconds
2018-05-02 08:59:57,396   INFO  [SP 0 Site - 0:0] HOST: RSS limit: 80% (9,30 GB)
2018-05-02 08:59:57,414   INFO  [MP Site - 0:8] HOST: Catalog update block time (milliseconds): 34.315046
2018-05-02 08:59:57,414   INFO  [MP Site - 0:8] HOST: Globally updating the current application catalog and deployment (new hashes DCFFB492C7, D7A7D214B8).
2018-05-02 08:59:57,464   INFO  [NTPServiceThread-0] COMPILER: Applying the following DDL to cluster:
2018-05-02 08:59:57,464   INFO  [NTPServiceThread-0] COMPILER: 	CREATE PROCEDURE numtrips_PU
  PARTITION ON TABLE taxis2017 COLUMN PULocationId
  AS 
    select 
      count(1) 
    from taxis2017 a
    left join location b
    on
      a.PULocationId = b.location_Id
    where 
      b.location_Id = ?
2018-05-02 08:59:57,529   WARN  [NTPServiceThread-0] COMPILER: [min_distance_trips2016.class]: Procedure min_distance_trips2016 has a statement with a non-deterministic result - statement: "SELECT trip_distance, pickup_longitude, pickup_latitude, dropoff_longitude, dropoff_latitude FROM taxis2016 ORDER BY trip_distance ASC LIMIT 1;" , reason: the query result does not guarantee a consistent ordering
2018-05-02 08:59:57,587   WARN  [NTPServiceThread-0] COMPILER: [max_distance_trips2016.class]: Procedure max_distance_trips2016 has a statement with a non-deterministic result - statement: "SELECT trip_distance, pickup_longitude, pickup_latitude, dropoff_longitude, dropoff_latitude FROM taxis2016 ORDER BY trip_distance DESC LIMIT 1;" , reason: the query result does not guarantee a consistent ordering
2018-05-02 08:59:57,712   INFO  [NTPServiceThread-0] COMPILER: Catalog Difference Report
=========================
PROCEDURE CHANGES:
  Procedure numtrips_PU added.

2018-05-02 08:59:57,729   INFO  [NTPServiceThread-0] HOST: Max timeout setting for VerifyCatalogAndWriteJar is 60 seconds
2018-05-02 08:59:57,729   INFO  [NTPServiceThread-Priority-0] HOST: Verify user procedure classes and write catalog jar
2018-05-02 08:59:57,820   INFO  [MP Site - 0:8] HOST: New catalog update from: Catalog: catalog hash DCFFB492C7, deployment hash D7A7D214B8, version 16
2018-05-02 08:59:57,820   INFO  [MP Site - 0:8] HOST: To: catalog hash: 98366D9CEC, deployment hash: D7A7D214B8
2018-05-02 08:59:57,822   INFO  [SP 0 Site - 0:0] HOST: Site 0:0 acknowledged data and catalog prechecks.
2018-05-02 08:59:57,837   INFO  [SP 7 Site - 0:7] IMPORT: Final importer count:0
2018-05-02 08:59:57,837   INFO  [SP 7 Site - 0:7] HOST: Resource limit monitoring configured to run every 60 seconds
2018-05-02 08:59:57,837   INFO  [SP 7 Site - 0:7] HOST: RSS limit: 80% (9,30 GB)
2018-05-02 08:59:57,853   INFO  [MP Site - 0:8] HOST: Catalog update block time (milliseconds): 32.872697
2018-05-02 08:59:57,853   INFO  [MP Site - 0:8] HOST: Globally updating the current application catalog and deployment (new hashes 98366D9CEC, D7A7D214B8).
2018-05-02 08:59:57,896   INFO  [NTPServiceThread-1] COMPILER: Applying the following DDL to cluster:
2018-05-02 08:59:57,896   INFO  [NTPServiceThread-1] COMPILER: 	CREATE PROCEDURE boroughs_name 
  AS 
    select   
      *
    from location 
    where location_Id = ?
2018-05-02 08:59:57,959   WARN  [NTPServiceThread-1] COMPILER: [min_distance_trips2016.class]: Procedure min_distance_trips2016 has a statement with a non-deterministic result - statement: "SELECT trip_distance, pickup_longitude, pickup_latitude, dropoff_longitude, dropoff_latitude FROM taxis2016 ORDER BY trip_distance ASC LIMIT 1;" , reason: the query result does not guarantee a consistent ordering
2018-05-02 08:59:57,963   WARN  [NTPServiceThread-1] COMPILER: [max_distance_trips2016.class]: Procedure max_distance_trips2016 has a statement with a non-deterministic result - statement: "SELECT trip_distance, pickup_longitude, pickup_latitude, dropoff_longitude, dropoff_latitude FROM taxis2016 ORDER BY trip_distance DESC LIMIT 1;" , reason: the query result does not guarantee a consistent ordering
2018-05-02 08:59:58,088   INFO  [NTPServiceThread-1] COMPILER: Catalog Difference Report
=========================
PROCEDURE CHANGES:
  Procedure boroughs_name added.

2018-05-02 08:59:58,089   INFO  [NTPServiceThread-1] HOST: Max timeout setting for VerifyCatalogAndWriteJar is 60 seconds
2018-05-02 08:59:58,089   INFO  [NTPServiceThread-Priority-0] HOST: Verify user procedure classes and write catalog jar
2018-05-02 08:59:58,201   INFO  [MP Site - 0:8] HOST: New catalog update from: Catalog: catalog hash 98366D9CEC, deployment hash D7A7D214B8, version 17
2018-05-02 08:59:58,201   INFO  [MP Site - 0:8] HOST: To: catalog hash: 949B3F84B9, deployment hash: D7A7D214B8
2018-05-02 08:59:58,204   INFO  [SP 1 Site - 0:1] HOST: Site 0:1 acknowledged data and catalog prechecks.
2018-05-02 08:59:58,225   INFO  [SP 5 Site - 0:5] IMPORT: Final importer count:0
2018-05-02 08:59:58,225   INFO  [SP 5 Site - 0:5] HOST: Resource limit monitoring configured to run every 60 seconds
2018-05-02 08:59:58,225   INFO  [SP 5 Site - 0:5] HOST: RSS limit: 80% (9,30 GB)
2018-05-02 08:59:58,237   INFO  [MP Site - 0:8] HOST: Catalog update block time (milliseconds): 35.41274
2018-05-02 08:59:58,237   INFO  [MP Site - 0:8] HOST: Globally updating the current application catalog and deployment (new hashes 949B3F84B9, D7A7D214B8).
2018-05-02 08:59:58,327   INFO  [NTPServiceThread-0] COMPILER: Applying the following DDL to cluster:
2018-05-02 08:59:58,327   INFO  [NTPServiceThread-0] COMPILER: 	CREATE PROCEDURE
	FROM CLASS get_id_location_zone
2018-05-02 08:59:58,342   WARN  [NTPServiceThread-0] COMPILER: [min_distance_trips2016.class]: Procedure min_distance_trips2016 has a statement with a non-deterministic result - statement: "SELECT trip_distance, pickup_longitude, pickup_latitude, dropoff_longitude, dropoff_latitude FROM taxis2016 ORDER BY trip_distance ASC LIMIT 1;" , reason: the query result does not guarantee a consistent ordering
2018-05-02 08:59:58,364   WARN  [NTPServiceThread-0] COMPILER: [get_id_location_zone.class]: Procedure get_id_location_zone has a statement with a non-deterministic result - statement: "select location_Id from location where zone = ?;", reason: the query result does not guarantee a consistent ordering
2018-05-02 08:59:58,365   WARN  [NTPServiceThread-0] COMPILER: [max_distance_trips2016.class]: Procedure max_distance_trips2016 has a statement with a non-deterministic result - statement: "SELECT trip_distance, pickup_longitude, pickup_latitude, dropoff_longitude, dropoff_latitude FROM taxis2016 ORDER BY trip_distance DESC LIMIT 1;" , reason: the query result does not guarantee a consistent ordering
2018-05-02 08:59:58,459   INFO  [NTPServiceThread-0] COMPILER: Catalog Difference Report
=========================
PROCEDURE CHANGES:
  Procedure get_id_location_zone added.

2018-05-02 08:59:58,462   INFO  [NTPServiceThread-Priority-0] HOST: Verify user procedure classes and write catalog jar
2018-05-02 08:59:58,465   INFO  [NTPServiceThread-0] HOST: Max timeout setting for VerifyCatalogAndWriteJar is 60 seconds
2018-05-02 08:59:58,577   INFO  [MP Site - 0:8] HOST: New catalog update from: Catalog: catalog hash 949B3F84B9, deployment hash D7A7D214B8, version 18
2018-05-02 08:59:58,577   INFO  [MP Site - 0:8] HOST: To: catalog hash: EC5165A64F, deployment hash: D7A7D214B8
2018-05-02 08:59:58,581   INFO  [SP 2 Site - 0:2] HOST: Site 0:2 acknowledged data and catalog prechecks.
2018-05-02 08:59:58,595   INFO  [SP 3 Site - 0:3] IMPORT: Final importer count:0
2018-05-02 08:59:58,596   INFO  [SP 3 Site - 0:3] HOST: Resource limit monitoring configured to run every 60 seconds
2018-05-02 08:59:58,596   INFO  [SP 3 Site - 0:3] HOST: RSS limit: 80% (9,30 GB)
2018-05-02 08:59:58,615   INFO  [MP Site - 0:8] HOST: Catalog update block time (milliseconds): 37.750817000000005
2018-05-02 08:59:58,615   INFO  [MP Site - 0:8] HOST: Globally updating the current application catalog and deployment (new hashes EC5165A64F, D7A7D214B8).
2018-05-02 08:59:58,661   INFO  [NTPServiceThread-1] COMPILER: Applying the following DDL to cluster:
2018-05-02 08:59:58,661   INFO  [NTPServiceThread-1] COMPILER: 	CREATE PROCEDURE
  FROM CLASS max_distance_trips2017
2018-05-02 08:59:58,710   WARN  [NTPServiceThread-1] COMPILER: [get_id_location_zone.class]: Procedure get_id_location_zone has a statement with a non-deterministic result - statement: "select location_Id from location where zone = ?;", reason: the query result does not guarantee a consistent ordering
2018-05-02 08:59:58,715   WARN  [NTPServiceThread-1] COMPILER: [min_distance_trips2016.class]: Procedure min_distance_trips2016 has a statement with a non-deterministic result - statement: "SELECT trip_distance, pickup_longitude, pickup_latitude, dropoff_longitude, dropoff_latitude FROM taxis2016 ORDER BY trip_distance ASC LIMIT 1;" , reason: the query result does not guarantee a consistent ordering
2018-05-02 08:59:58,789   WARN  [NTPServiceThread-1] COMPILER: [max_distance_trips2017.class]: Procedure max_distance_trips2017 has a statement with a non-deterministic result - statement: "SELECT trip_distance, PULocationID, DOLocationID FROM taxis2017 ORDER BY trip_distance DESC LIMIT 1;" , reason: the query result does not guarantee a consistent ordering
2018-05-02 08:59:58,789   WARN  [NTPServiceThread-1] COMPILER: [max_distance_trips2016.class]: Procedure max_distance_trips2016 has a statement with a non-deterministic result - statement: "SELECT trip_distance, pickup_longitude, pickup_latitude, dropoff_longitude, dropoff_latitude FROM taxis2016 ORDER BY trip_distance DESC LIMIT 1;" , reason: the query result does not guarantee a consistent ordering
2018-05-02 08:59:58,906   INFO  [NTPServiceThread-1] COMPILER: Catalog Difference Report
=========================
PROCEDURE CHANGES:
  Procedure max_distance_trips2017 added.

2018-05-02 08:59:58,907   INFO  [NTPServiceThread-1] HOST: Max timeout setting for VerifyCatalogAndWriteJar is 60 seconds
2018-05-02 08:59:58,907   INFO  [NTPServiceThread-Priority-0] HOST: Verify user procedure classes and write catalog jar
2018-05-02 08:59:59,014   INFO  [MP Site - 0:8] HOST: New catalog update from: Catalog: catalog hash EC5165A64F, deployment hash D7A7D214B8, version 19
2018-05-02 08:59:59,014   INFO  [MP Site - 0:8] HOST: To: catalog hash: 6667C620ED, deployment hash: D7A7D214B8
2018-05-02 08:59:59,017   INFO  [SP 3 Site - 0:3] HOST: Site 0:3 acknowledged data and catalog prechecks.
2018-05-02 08:59:59,030   INFO  [SP 0 Site - 0:0] IMPORT: Final importer count:0
2018-05-02 08:59:59,032   INFO  [SP 0 Site - 0:0] HOST: Resource limit monitoring configured to run every 60 seconds
2018-05-02 08:59:59,032   INFO  [SP 0 Site - 0:0] HOST: RSS limit: 80% (9,30 GB)
2018-05-02 08:59:59,043   INFO  [MP Site - 0:8] HOST: Catalog update block time (milliseconds): 29.074403999999998
2018-05-02 08:59:59,043   INFO  [MP Site - 0:8] HOST: Globally updating the current application catalog and deployment (new hashes 6667C620ED, D7A7D214B8).
2018-05-02 08:59:59,813   INFO  [NTPServiceThread-0] COMPILER: Applying the following DDL to cluster:
2018-05-02 08:59:59,814   INFO  [NTPServiceThread-0] COMPILER: 	CREATE TABLE central_park_weather (
   station VARCHAR(64),
   name VARCHAR(64),
   date_time VARCHAR(64),
   awnd DECIMAL,
   prcp DECIMAL,
   snow DECIMAL,
   snwd INTEGER,
   tmax INTEGER,
   tmin INTEGER,
)
2018-05-02 08:59:59,853   WARN  [NTPServiceThread-0] COMPILER: [get_id_location_zone.class]: Procedure get_id_location_zone has a statement with a non-deterministic result - statement: "select location_Id from location where zone = ?;", reason: the query result does not guarantee a consistent ordering
2018-05-02 08:59:59,853   WARN  [NTPServiceThread-0] COMPILER: [min_distance_trips2016.class]: Procedure min_distance_trips2016 has a statement with a non-deterministic result - statement: "SELECT trip_distance, pickup_longitude, pickup_latitude, dropoff_longitude, dropoff_latitude FROM taxis2016 ORDER BY trip_distance ASC LIMIT 1;" , reason: the query result does not guarantee a consistent ordering
2018-05-02 08:59:59,857   WARN  [NTPServiceThread-0] COMPILER: [max_distance_trips2017.class]: Procedure max_distance_trips2017 has a statement with a non-deterministic result - statement: "SELECT trip_distance, PULocationID, DOLocationID FROM taxis2017 ORDER BY trip_distance DESC LIMIT 1;" , reason: the query result does not guarantee a consistent ordering
2018-05-02 08:59:59,858   WARN  [NTPServiceThread-0] COMPILER: [max_distance_trips2016.class]: Procedure max_distance_trips2016 has a statement with a non-deterministic result - statement: "SELECT trip_distance, pickup_longitude, pickup_latitude, dropoff_longitude, dropoff_latitude FROM taxis2016 ORDER BY trip_distance DESC LIMIT 1;" , reason: the query result does not guarantee a consistent ordering
2018-05-02 08:59:59,951   INFO  [NTPServiceThread-0] COMPILER: Catalog Difference Report
=========================
TABLE CHANGES:
  Table CENTRAL_PARK_WEATHER added.

2018-05-02 08:59:59,955   INFO  [NTPServiceThread-Priority-0] HOST: Verify user procedure classes and write catalog jar
2018-05-02 08:59:59,965   INFO  [NTPServiceThread-0] HOST: Max timeout setting for VerifyCatalogAndWriteJar is 60 seconds
2018-05-02 09:00:00,073   INFO  [MP Site - 0:8] HOST: New catalog update from: Catalog: catalog hash 6667C620ED, deployment hash D7A7D214B8, version 20
2018-05-02 09:00:00,073   INFO  [MP Site - 0:8] HOST: To: catalog hash: 0191A15954, deployment hash: D7A7D214B8
2018-05-02 09:00:00,073   INFO  [SP 4 Site - 0:4] HOST: Site 0:4 acknowledged data and catalog prechecks.
2018-05-02 09:00:00,095   INFO  [SP 5 Site - 0:5] IMPORT: Final importer count:0
2018-05-02 09:00:00,095   INFO  [SP 5 Site - 0:5] HOST: Resource limit monitoring configured to run every 60 seconds
2018-05-02 09:00:00,096   INFO  [SP 5 Site - 0:5] HOST: RSS limit: 80% (9,30 GB)
2018-05-02 09:00:00,123   INFO  [MP Site - 0:8] HOST: Catalog update block time (milliseconds): 49.952729
2018-05-02 09:00:00,123   INFO  [MP Site - 0:8] HOST: Globally updating the current application catalog and deployment (new hashes 0191A15954, D7A7D214B8).
